<?xml version="1.0" encoding="UTF-8"?>
<!-- Generated by org.testng.reporters.JUnitReportReporter -->
<testsuite hostname="DESKTOP-9E8RF97" failures="0" tests="3" name="org.samp.Sample" time="12.986" errors="0" timestamp="2023-11-06T13:25:50 IST" skipped="0">
  <testcase classname="org.samp.Sample" name="fbBrowserLaunch" time="9.308"/>
  <testcase classname="org.samp.Sample" name="browserLaunchFB" time="3.676"/>
  <testcase classname="org.samp.Sample" name="printStatement" time="0.002"/>
</testsuite> <!-- org.samp.Sample -->
