<?xml version="1.0" encoding="UTF-8"?>
<!-- Generated by org.testng.reporters.JUnitReportReporter -->
<testsuite hostname="DESKTOP-9E8RF97" failures="0" tests="3" name="org.samp.Sample" time="14.756" errors="0" timestamp="2023-11-06T13:30:52 IST" skipped="0">
  <testcase classname="org.samp.Sample" name="fbBrowserLaunch" time="10.287"/>
  <testcase classname="org.samp.Sample" name="browserLaunchFB" time="4.468"/>
  <testcase classname="org.samp.Sample" name="printStatement" time="0.001"/>
</testsuite> <!-- org.samp.Sample -->
